info: 2021/12/25 6:43:26: initialize: Kibana index: .kibana
info: 2021/12/25 6:43:26: initialize: App revision: 4206-1
info: 2021/12/25 6:43:26: initialize: Total RAM: 10966MB
info: 2021/12/25 19:57:6: initialize: Kibana index: .kibana
info: 2021/12/25 19:57:6: initialize: App revision: 4206-1
info: 2021/12/25 19:57:6: initialize: Total RAM: 13990MB
error: 2021/12/25 20:0:0: cron-scheduler|SaveDocument: resource_already_exists_exception: [resource_already_exists_exception] Reason: index [wazuh-statistics-2021.52w/yKqSw96BRI2s1oSXBFw7xQ] already exists
info: 2021/12/25 22:51:19: initialize: Kibana index: .kibana
info: 2021/12/25 22:51:19: initialize: App revision: 4206-1
info: 2021/12/25 22:51:19: initialize: Total RAM: 13990MB
info: 2021/12/26 1:53:28: initialize: Kibana index: .kibana
info: 2021/12/26 1:53:28: initialize: App revision: 4206-1
info: 2021/12/26 1:53:28: initialize: Total RAM: 13990MB
error: 2021/12/26 1:55:0: cron-scheduler|SaveDocument: resource_already_exists_exception: [resource_already_exists_exception] Reason: index [wazuh-statistics-2021.52w/KeC22XTqQI6x74o6ClKr5A] already exists
info: 2021/12/26 1:58:46: initialize: Kibana index: .kibana
info: 2021/12/26 1:58:46: initialize: App revision: 4206-1
info: 2021/12/26 1:58:46: initialize: Total RAM: 13990MB
info: 2021/12/26 2:12:52: initialize: Kibana index: .kibana
info: 2021/12/26 2:12:52: initialize: App revision: 4206-1
info: 2021/12/26 2:12:52: initialize: Total RAM: 13990MB
error: 2021/12/26 2:15:0: cron-scheduler|SaveDocument: resource_already_exists_exception: [resource_already_exists_exception] Reason: index [wazuh-statistics-2021.52w/k3V_1B-TTrCLd1fplP_sLg] already exists
info: 2021/12/26 2:44:24: initialize: Kibana index: .kibana
info: 2021/12/26 2:44:24: initialize: App revision: 4206-1
info: 2021/12/26 2:44:24: initialize: Total RAM: 13990MB
info: 2021/12/26 2:56:35: initialize: Kibana index: .kibana
info: 2021/12/26 2:56:35: initialize: App revision: 4206-1
info: 2021/12/26 2:56:35: initialize: Total RAM: 13990MB
info: 2021/12/26 3:50:23: initialize: Kibana index: .kibana
info: 2021/12/26 3:50:23: initialize: App revision: 4206-1
info: 2021/12/26 3:50:23: initialize: Total RAM: 13990MB
error: 2021/12/26 3:55:0: cron-scheduler|SaveDocument: resource_already_exists_exception: [resource_already_exists_exception] Reason: index [wazuh-statistics-2021.52w/1raWNPpTTMWUWFnz8CB9-Q] already exists
