{"date":"2021-12-25T06:43:26.678Z","level":"info","location":"initialize","message":"Kibana index: .kibana"}
{"date":"2021-12-25T06:43:26.679Z","level":"info","location":"initialize","message":"App revision: 4206-1"}
{"date":"2021-12-25T06:43:26.679Z","level":"info","location":"initialize","message":"Total RAM: 10966MB"}
{"date":"2021-12-25T19:57:06.492Z","level":"info","location":"initialize","message":"Kibana index: .kibana"}
{"date":"2021-12-25T19:57:06.493Z","level":"info","location":"initialize","message":"App revision: 4206-1"}
{"date":"2021-12-25T19:57:06.493Z","level":"info","location":"initialize","message":"Total RAM: 13990MB"}
{"date":"2021-12-25T20:00:00.370Z","level":"error","location":"cron-scheduler|SaveDocument","message":"resource_already_exists_exception: [resource_already_exists_exception] Reason: index [wazuh-statistics-2021.52w/yKqSw96BRI2s1oSXBFw7xQ] already exists"}
{"date":"2021-12-25T22:51:19.124Z","level":"info","location":"initialize","message":"Kibana index: .kibana"}
{"date":"2021-12-25T22:51:19.125Z","level":"info","location":"initialize","message":"App revision: 4206-1"}
{"date":"2021-12-25T22:51:19.126Z","level":"info","location":"initialize","message":"Total RAM: 13990MB"}
{"date":"2021-12-26T01:53:28.748Z","level":"info","location":"initialize","message":"Kibana index: .kibana"}
{"date":"2021-12-26T01:53:28.749Z","level":"info","location":"initialize","message":"App revision: 4206-1"}
{"date":"2021-12-26T01:53:28.750Z","level":"info","location":"initialize","message":"Total RAM: 13990MB"}
{"date":"2021-12-26T01:55:00.674Z","level":"error","location":"cron-scheduler|SaveDocument","message":"resource_already_exists_exception: [resource_already_exists_exception] Reason: index [wazuh-statistics-2021.52w/KeC22XTqQI6x74o6ClKr5A] already exists"}
{"date":"2021-12-26T01:58:46.179Z","level":"info","location":"initialize","message":"Kibana index: .kibana"}
{"date":"2021-12-26T01:58:46.180Z","level":"info","location":"initialize","message":"App revision: 4206-1"}
{"date":"2021-12-26T01:58:46.180Z","level":"info","location":"initialize","message":"Total RAM: 13990MB"}
{"date":"2021-12-26T02:12:52.533Z","level":"info","location":"initialize","message":"Kibana index: .kibana"}
{"date":"2021-12-26T02:12:52.534Z","level":"info","location":"initialize","message":"App revision: 4206-1"}
{"date":"2021-12-26T02:12:52.534Z","level":"info","location":"initialize","message":"Total RAM: 13990MB"}
{"date":"2021-12-26T02:15:00.165Z","level":"error","location":"cron-scheduler|SaveDocument","message":"resource_already_exists_exception: [resource_already_exists_exception] Reason: index [wazuh-statistics-2021.52w/k3V_1B-TTrCLd1fplP_sLg] already exists"}
{"date":"2021-12-26T02:44:24.721Z","level":"info","location":"initialize","message":"Kibana index: .kibana"}
{"date":"2021-12-26T02:44:24.722Z","level":"info","location":"initialize","message":"App revision: 4206-1"}
{"date":"2021-12-26T02:44:24.722Z","level":"info","location":"initialize","message":"Total RAM: 13990MB"}
{"date":"2021-12-26T02:56:35.458Z","level":"info","location":"initialize","message":"Kibana index: .kibana"}
{"date":"2021-12-26T02:56:35.460Z","level":"info","location":"initialize","message":"App revision: 4206-1"}
{"date":"2021-12-26T02:56:35.460Z","level":"info","location":"initialize","message":"Total RAM: 13990MB"}
{"date":"2021-12-26T03:50:23.328Z","level":"info","location":"initialize","message":"Kibana index: .kibana"}
{"date":"2021-12-26T03:50:23.329Z","level":"info","location":"initialize","message":"App revision: 4206-1"}
{"date":"2021-12-26T03:50:23.330Z","level":"info","location":"initialize","message":"Total RAM: 13990MB"}
{"date":"2021-12-26T03:55:00.254Z","level":"error","location":"cron-scheduler|SaveDocument","message":"resource_already_exists_exception: [resource_already_exists_exception] Reason: index [wazuh-statistics-2021.52w/1raWNPpTTMWUWFnz8CB9-Q] already exists"}
